<?xml version="1.0" encoding="UTF-8"?>
<!-- Generated by org.testng.reporters.JUnitReportReporter -->
<testsuite hostname="NBP" failures="0" tests="4" name="com.crossbrowser.Parallel_CBT2" time="0.000" errors="0" timestamp="2022-04-30T13:53:00 IST" skipped="4">
  <testcase classname="com.crossbrowser.Parallel_CBT2" name="m3" time="0.000">
    <skipped/>
  </testcase> <!-- m3 -->
  <system-out/>
  <testcase classname="com.crossbrowser.Parallel_CBT2" name="m4" time="0.000">
    <skipped/>
  </testcase> <!-- m4 -->
  <system-out/>
  <testcase classname="com.crossbrowser.Parallel_CBT2" name="m3" time="0.000">
    <skipped/>
  </testcase> <!-- m3 -->
  <system-out/>
  <testcase classname="com.crossbrowser.Parallel_CBT2" name="m4" time="0.000">
    <skipped/>
  </testcase> <!-- m4 -->
  <system-out/>
</testsuite> <!-- com.crossbrowser.Parallel_CBT2 -->
