<?xml version="1.0" encoding="UTF-8"?>
<!-- Generated by org.testng.reporters.JUnitReportReporter -->
<testsuite hostname="NBP" failures="0" tests="1" name="dataproviderdemo.Dataproviders" time="1.367" errors="0" timestamp="2022-04-27T15:09:03 IST" skipped="0">
  <testcase classname="dataproviderdemo.Dataproviders" name="invalidLoginData" time="1.367"/>
  <system-out/>
</testsuite> <!-- dataproviderdemo.Dataproviders -->
