<?xml version="1.0" encoding="UTF-8"?>
<!-- Generated by org.testng.reporters.JUnitReportReporter -->
<testsuite hostname="NBP" failures="0" tests="1" name="dataproviderdemo.DataDrivenTestCase" time="0.017" errors="0" timestamp="2022-04-26T10:09:55 IST" skipped="0">
  <testcase classname="dataproviderdemo.DataDrivenTestCase" name="invalidLoginTest" time="0.017"/>
  <system-out/>
</testsuite> <!-- dataproviderdemo.DataDrivenTestCase -->
