<?xml version="1.0" encoding="UTF-8"?>
<!-- Generated by org.testng.reporters.JUnitReportReporter -->
<testsuite hostname="NBP" failures="0" tests="3" name="dataproviderdemo.SimpleDataProvider" time="0.044" errors="0" timestamp="2022-04-27T13:19:01 IST" skipped="0">
  <testcase classname="dataproviderdemo.SimpleDataProvider" name="dataDrivenCase" time="0.010"/>
  <system-out/>
  <testcase classname="dataproviderdemo.SimpleDataProvider" name="dataDrivenCase" time="0.029"/>
  <system-out/>
  <testcase classname="dataproviderdemo.SimpleDataProvider" name="dataDrivenCase" time="0.005"/>
  <system-out/>
</testsuite> <!-- dataproviderdemo.SimpleDataProvider -->
