<?xml version="1.0" encoding="UTF-8"?>
<!-- Generated by org.testng.reporters.JUnitReportReporter -->
<testsuite hostname="NBP" failures="0" tests="1" name="seleniumprograms.PWindowHandel" time="1.849" errors="0" timestamp="2022-05-07T12:06:56 IST" skipped="0">
  <testcase classname="seleniumprograms.PWindowHandel" name="switchToAnotherWindow" time="1.849"/>
  <system-out/>
</testsuite> <!-- seleniumprograms.PWindowHandel -->
