<?xml version="1.0" encoding="UTF-8"?>
<!-- Generated by org.testng.reporters.JUnitReportReporter -->
<testsuite hostname="NBP" failures="0" tests="5" name="dataproviderdemo.DataDrivenTestDemo" time="4.155" errors="0" timestamp="2022-04-30T12:50:35 IST" skipped="0">
  <testcase classname="dataproviderdemo.DataDrivenTestDemo" name="veryfyLoginPageWithInvalidData" time="2.547"/>
  <system-out/>
  <testcase classname="dataproviderdemo.DataDrivenTestDemo" name="veryfyLoginPageWithInvalidData" time="0.385"/>
  <system-out/>
  <testcase classname="dataproviderdemo.DataDrivenTestDemo" name="veryfyLoginPageWithInvalidData" time="0.453"/>
  <system-out/>
  <testcase classname="dataproviderdemo.DataDrivenTestDemo" name="veryfyLoginPageWithInvalidData" time="0.394"/>
  <system-out/>
  <testcase classname="dataproviderdemo.DataDrivenTestDemo" name="veryfyLoginPageWithInvalidData" time="0.376"/>
  <system-out/>
</testsuite> <!-- dataproviderdemo.DataDrivenTestDemo -->
